Flow report for MDOnAChip
Sun Jan 27 11:50:14 2013
Quartus II 32-bit Version 12.1 Build 177 11/07/2012 SJ Web Edition


---------------------
; Table of Contents ;
---------------------
  1. Legal Notice
  2. Flow Summary
  3. Flow Settings
  4. Flow Non-Default Global Settings
  5. Flow Elapsed Time
  6. Flow OS Summary
  7. Flow Log



----------------
; Legal Notice ;
----------------
Copyright (C) 1991-2012 Altera Corporation
Your use of Altera Corporation's design tools, logic functions 
and other software and tools, and its AMPP partner logic 
functions, and any output files from any of the foregoing 
(including device programming or simulation files), and any 
associated documentation or information are expressly subject 
to the terms and conditions of the Altera Program License 
Subscription Agreement, Altera MegaCore Function License 
Agreement, or other applicable license agreement, including, 
without limitation, that your use is for the sole purpose of 
programming logic devices manufactured by Altera and sold by 
Altera or its authorized distributors.  Please refer to the 
applicable agreement for further details.



+-------------------------------------------------------------------------------+
; Flow Summary                                                                  ;
+------------------------------------+------------------------------------------+
; Flow Status                        ; Successful - Sun Jan 27 11:50:09 2013    ;
; Quartus II 32-bit Version          ; 12.1 Build 177 11/07/2012 SJ Web Edition ;
; Revision Name                      ; MDOnAChip                                ;
; Top-level Entity Name              ; MDOnAChip                                ;
; Family                             ; Cyclone II                               ;
; Device                             ; EP2C20F484C7                             ;
; Timing Models                      ; Final                                    ;
; Total logic elements               ; 3,333 / 18,752 ( 18 % )                  ;
;     Total combinational functions  ; 3,313 / 18,752 ( 18 % )                  ;
;     Dedicated logic registers      ; 694 / 18,752 ( 4 % )                     ;
; Total registers                    ; 694                                      ;
; Total pins                         ; 166 / 315 ( 53 % )                       ;
; Total virtual pins                 ; 0                                        ;
; Total memory bits                  ; 9,280 / 239,616 ( 4 % )                  ;
; Embedded Multiplier 9-bit elements ; 0 / 52 ( 0 % )                           ;
; Total PLLs                         ; 2 / 4 ( 50 % )                           ;
+------------------------------------+------------------------------------------+


+-----------------------------------------+
; Flow Settings                           ;
+-------------------+---------------------+
; Option            ; Setting             ;
+-------------------+---------------------+
; Start date & time ; 01/27/2013 11:47:21 ;
; Main task         ; Compilation         ;
; Revision Name     ; MDOnAChip           ;
+-------------------+---------------------+


+------------------------------------------------------------------------------------------------------------------------+
; Flow Non-Default Global Settings                                                                                       ;
+-------------------------------------+---------------------------------------+---------------+-------------+------------+
; Assignment Name                     ; Value                                 ; Default Value ; Entity Name ; Section Id ;
+-------------------------------------+---------------------------------------+---------------+-------------+------------+
; COMPILER_SIGNATURE_ID               ; 147638866415.135930884001736          ; --            ; --          ; --         ;
; IP_TOOL_NAME                        ; ALTPLL                                ; --            ; --          ; --         ;
; IP_TOOL_NAME                        ; RAM: 2-PORT                           ; --            ; --          ; --         ;
; IP_TOOL_NAME                        ; RAM: 2-PORT                           ; --            ; --          ; --         ;
; IP_TOOL_NAME                        ; FIFO                                  ; --            ; --          ; --         ;
; IP_TOOL_NAME                        ; ALTPLL                                ; --            ; --          ; --         ;
; IP_TOOL_NAME                        ; ROM: 1-PORT                           ; --            ; --          ; --         ;
; IP_TOOL_VERSION                     ; 12.1                                  ; --            ; --          ; --         ;
; IP_TOOL_VERSION                     ; 12.1                                  ; --            ; --          ; --         ;
; IP_TOOL_VERSION                     ; 12.1                                  ; --            ; --          ; --         ;
; IP_TOOL_VERSION                     ; 12.1                                  ; --            ; --          ; --         ;
; IP_TOOL_VERSION                     ; 12.1                                  ; --            ; --          ; --         ;
; IP_TOOL_VERSION                     ; 12.1                                  ; --            ; --          ; --         ;
; MAX_CORE_JUNCTION_TEMP              ; 85                                    ; --            ; --          ; --         ;
; MIN_CORE_JUNCTION_TEMP              ; 0                                     ; --            ; --          ; --         ;
; MISC_FILE                           ; MainSystemPLL.bsf                     ; --            ; --          ; --         ;
; MISC_FILE                           ; MainSystemPLL.cmp                     ; --            ; --          ; --         ;
; MISC_FILE                           ; MainSystemPLL.ppf                     ; --            ; --          ; --         ;
; MISC_FILE                           ; VDP_CRAM.bsf                          ; --            ; --          ; --         ;
; MISC_FILE                           ; VDP_CRAM.cmp                          ; --            ; --          ; --         ;
; MISC_FILE                           ; VDP_VSCRAM.bsf                        ; --            ; --          ; --         ;
; MISC_FILE                           ; VDP_VSCRAM.cmp                        ; --            ; --          ; --         ;
; MISC_FILE                           ; VDP_WriteFIFO.cmp                     ; --            ; --          ; --         ;
; MISC_FILE                           ; MDPLL.cmp                             ; --            ; --          ; --         ;
; MISC_FILE                           ; MDPLL.ppf                             ; --            ; --          ; --         ;
; MISC_FILE                           ; MD_TestPrgROM.cmp                     ; --            ; --          ; --         ;
; PARTITION_COLOR                     ; 16764057                              ; --            ; --          ; Top        ;
; PARTITION_FITTER_PRESERVATION_LEVEL ; PLACEMENT_AND_ROUTING                 ; --            ; --          ; Top        ;
; PARTITION_NETLIST_TYPE              ; SOURCE                                ; --            ; --          ; Top        ;
; POWER_BOARD_THERMAL_MODEL           ; None (CONSERVATIVE)                   ; --            ; --          ; --         ;
; POWER_PRESET_COOLING_SOLUTION       ; 23 MM HEAT SINK WITH 200 LFPM AIRFLOW ; --            ; --          ; --         ;
; PROJECT_OUTPUT_DIRECTORY            ; output_files                          ; --            ; --          ; --         ;
+-------------------------------------+---------------------------------------+---------------+-------------+------------+


+-------------------------------------------------------------------------------------------------------------------------------+
; Flow Elapsed Time                                                                                                             ;
+---------------------------+--------------+-------------------------+---------------------+------------------------------------+
; Module Name               ; Elapsed Time ; Average Processors Used ; Peak Virtual Memory ; Total CPU Time (on all processors) ;
+---------------------------+--------------+-------------------------+---------------------+------------------------------------+
; Analysis & Synthesis      ; 00:02:07     ; 1.0                     ; 396 MB              ; 00:02:06                           ;
; Fitter                    ; 00:00:31     ; 1.4                     ; 461 MB              ; 00:00:36                           ;
; Assembler                 ; 00:00:05     ; 1.0                     ; 346 MB              ; 00:00:05                           ;
; TimeQuest Timing Analyzer ; 00:00:03     ; 1.0                     ; 329 MB              ; 00:00:03                           ;
; Total                     ; 00:02:46     ; --                      ; --                  ; 00:02:50                           ;
+---------------------------+--------------+-------------------------+---------------------+------------------------------------+


+----------------------------------------------------------------------------------------+
; Flow OS Summary                                                                        ;
+---------------------------+------------------+-----------+------------+----------------+
; Module Name               ; Machine Hostname ; OS Name   ; OS Version ; Processor type ;
+---------------------------+------------------+-----------+------------+----------------+
; Analysis & Synthesis      ; DoesntThinkPad   ; Windows 7 ; 6.1        ; i686           ;
; Fitter                    ; DoesntThinkPad   ; Windows 7 ; 6.1        ; i686           ;
; Assembler                 ; DoesntThinkPad   ; Windows 7 ; 6.1        ; i686           ;
; TimeQuest Timing Analyzer ; DoesntThinkPad   ; Windows 7 ; 6.1        ; i686           ;
+---------------------------+------------------+-----------+------------+----------------+


------------
; Flow Log ;
------------
quartus_map --read_settings_files=on --write_settings_files=off MDOnAChip -c MDOnAChip
quartus_fit --read_settings_files=off --write_settings_files=off MDOnAChip -c MDOnAChip
quartus_asm --read_settings_files=off --write_settings_files=off MDOnAChip -c MDOnAChip
quartus_sta MDOnAChip -c MDOnAChip



